<?xml version="1.0" encoding="UTF-8"?>
<!-- Generated by org.testng.reporters.JUnitReportReporter -->
<testsuite skipped="0" hostname="DSs-MacBook-Pro" name="com.restapi.tests.TekarchAppTest_EndToEnd" tests="5" failures="0" timestamp="2022-02-18T14:26:43 PST" time="31.942" errors="0">
  <testcase name="testDeleteUser" time="2.262" classname="com.restapi.tests.TekarchAppTest_EndToEnd"/>
  <system-out/>
  <testcase name="login" time="2.182" classname="com.restapi.tests.TekarchAppTest_EndToEnd"/>
  <system-out/>
  <testcase name="testGetAllUser" time="5.941" classname="com.restapi.tests.TekarchAppTest_EndToEnd"/>
  <system-out/>
  <testcase name="testAddUser" time="13.133" classname="com.restapi.tests.TekarchAppTest_EndToEnd"/>
  <system-out/>
  <testcase name="testUpdateUser" time="8.424" classname="com.restapi.tests.TekarchAppTest_EndToEnd"/>
  <system-out/>
</testsuite> <!-- com.restapi.tests.TekarchAppTest_EndToEnd -->
