<?xml version="1.0" encoding="UTF-8"?>
<!-- Generated by org.testng.reporters.JUnitReportReporter -->
<testsuite skipped="0" hostname="DSs-MacBook-Pro" name="com.restapi.CRUD.testDeleteUser" tests="1" failures="0" timestamp="2022-02-18T16:22:34 PST" time="14.852" errors="0">
  <testcase name="deleteUser_TC" time="14.852" classname="com.restapi.CRUD.testDeleteUser"/>
  <system-out/>
</testsuite> <!-- com.restapi.CRUD.testDeleteUser -->
