<?xml version="1.0" encoding="UTF-8"?>
<!-- Generated by org.testng.reporters.JUnitReportReporter -->
<testsuite skipped="0" hostname="DSs-MacBook-Pro" name="com.restapi.CRUD.testGetUsers" tests="1" failures="0" timestamp="2022-02-18T16:11:56 PST" time="6.317" errors="0">
  <testcase name="getAllUser_TC" time="6.317" classname="com.restapi.CRUD.testGetUsers"/>
  <system-out/>
</testsuite> <!-- com.restapi.CRUD.testGetUsers -->
