<?xml version="1.0" encoding="UTF-8"?>
<!-- Generated by org.testng.reporters.JUnitReportReporter -->
<testsuite skipped="0" hostname="DSs-MacBook-Pro" name="com.restapi.CRUD.testLogin" tests="1" failures="0" timestamp="2022-02-18T16:12:10 PST" time="1.930" errors="0">
  <testcase name="login_TC" time="1.930" classname="com.restapi.CRUD.testLogin"/>
  <system-out/>
</testsuite> <!-- com.restapi.CRUD.testLogin -->
