<?xml version="1.0" encoding="UTF-8"?>
<!-- Generated by org.testng.reporters.JUnitReportReporter -->
<testsuite hostname="DSs-MacBook-Pro" failures="0" tests="4" name="com.restapi.tests.LoginTest" time="18.169" errors="0" timestamp="2022-02-17T18:06:17 PST" skipped="0">
  <testcase classname="com.restapi.tests.LoginTest" name="getAllUser" time="7.313"/>
  <system-out/>
  <testcase classname="com.restapi.tests.LoginTest" name="deleteUser" time="0.252"/>
  <system-out/>
  <testcase classname="com.restapi.tests.LoginTest" name="addUser" time="10.412"/>
  <system-out/>
  <testcase classname="com.restapi.tests.LoginTest" name="login" time="0.192"/>
  <system-out/>
</testsuite> <!-- com.restapi.tests.LoginTest -->
