<?xml version="1.0" encoding="UTF-8"?>
<!-- Generated by org.testng.reporters.JUnitReportReporter -->
<testsuite skipped="0" hostname="DSs-MacBook-Pro" name="com.restapi.CRUD.testADDUser" tests="1" failures="0" timestamp="2022-02-18T16:20:31 PST" time="2.366" errors="0">
  <testcase name="addUser_TC" time="2.366" classname="com.restapi.CRUD.testADDUser"/>
  <system-out/>
</testsuite> <!-- com.restapi.CRUD.testADDUser -->
