<?xml version="1.0" encoding="UTF-8"?>
<!-- Generated by org.testng.reporters.JUnitReportReporter -->
<testsuite skipped="0" hostname="DSs-MacBook-Pro" name="com.restapi.CRUD.testUpdateUser" tests="1" failures="0" timestamp="2022-02-18T16:20:57 PST" time="15.716" errors="0">
  <testcase name="updateUser_TC" time="15.716" classname="com.restapi.CRUD.testUpdateUser"/>
  <system-out/>
</testsuite> <!-- com.restapi.CRUD.testUpdateUser -->
