<?xml version="1.0" encoding="UTF-8"?>
<!-- Generated by org.testng.reporters.JUnitReportReporter -->
<testsuite hostname="DSs-MacBook-Pro" failures="0" tests="5" name="com.restapi.tests.TekarchAppTest" time="28.898" errors="0" timestamp="2022-02-17T19:45:52 PST" skipped="0">
  <testcase classname="com.restapi.tests.TekarchAppTest" name="getAllUser" time="6.540"/>
  <system-out/>
  <testcase classname="com.restapi.tests.TekarchAppTest" name="login" time="0.208"/>
  <system-out/>
  <testcase classname="com.restapi.tests.TekarchAppTest" name="addUser" time="12.891"/>
  <system-out/>
  <testcase classname="com.restapi.tests.TekarchAppTest" name="deleteUser" time="0.233"/>
  <system-out/>
  <testcase classname="com.restapi.tests.TekarchAppTest" name="updateUser" time="9.026"/>
  <system-out/>
</testsuite> <!-- com.restapi.tests.TekarchAppTest -->
